<?xml version="1.0" encoding="UTF-8"?>
<!-- Generated by org.testng.reporters.JUnitReportReporter -->
<testsuite hostname="LAPTOP-R4J2S6L4" failures="0" tests="1" name="TestCases.TC01_Login" time="43.662" errors="0" timestamp="2024-07-09T14:10:57 IST" skipped="0">
  <testcase classname="TestCases.TC01_Login" name="tc001" time="43.662"/>
  <system-out>
    <![CDATA[Application Opened
Login Completed
Logged out from the Application
Application Closed]]>
  </system-out>
</testsuite> <!-- TestCases.TC01_Login -->
