<?xml version="1.0" encoding="UTF-8"?>
<!-- Generated by org.testng.reporters.JUnitReportReporter -->
<testsuite hostname="LAPTOP-R4J2S6L4" failures="0" tests="1" name="TestCases.TC02_Search_Product" time="24.152" errors="0" timestamp="2024-07-09T14:10:57 IST" skipped="0">
  <testcase classname="TestCases.TC02_Search_Product" name="tc02" time="24.152"/>
  <system-out>
    <![CDATA[Application Opened
Login Completed
Assertion Attempted
Product Located
Logged out from the Application
Application Closed]]>
  </system-out>
</testsuite> <!-- TestCases.TC02_Search_Product -->
