<?xml version="1.0" encoding="UTF-8"?>
<!-- Generated by org.testng.reporters.JUnitReportReporter -->
<testsuite hostname="LAPTOP-R4J2S6L4" failures="0" tests="1" name="TestCases.TC03_CheckOut" time="28.398" errors="0" timestamp="2024-07-09T12:12:52 IST" skipped="0">
  <testcase classname="TestCases.TC03_CheckOut" name="tc03Checkout" time="28.398"/>
  <system-out>
    <![CDATA[Application Opened
Login Completed
Assertion Attempted
Product Located
Added to Cart
Clicked on Cart icon
Clicked on Checkout Button
Entered First Name
Entered Last Name
Entered PIN Code
Clicked on Continue Button
Assertion attempted
Clicked on Finish Button
Logged out from the Application
Application Closed]]>
  </system-out>
</testsuite> <!-- TestCases.TC03_CheckOut -->
